<!DOCTYPE html>
<html lang="zh-CN" class="no-js">
<head>
	<meta charset="UTF-8">
	<meta name="viewport" content="width=device-width">
	<link rel="profile" href="http://gmpg.org/xfn/11">
	<link rel="pingback" href="http://localhost:8000/xmlrpc.php">
	<!--[if lt IE 9]>
	<script src="http://localhost:8000/wp-content/themes/twentyfifteen/js/html5.js"></script>
	<![endif]-->
	<script>(function(html){html.className = html.className.replace(/\bno-js\b/,'js')})(document.documentElement);</script>
<title>test &#8211; 又一个WordPress站点</title>
<meta name='robots' content='noindex,follow' />
<link rel='dns-prefetch' href='//localhost'>
<link rel='dns-prefetch' href='//fonts.googleapis.com'>
<link rel='dns-prefetch' href='//s.w.org'>
<link rel="alternate" type="application/rss+xml" title="test &raquo; Feed" href="http://localhost:8000/?feed=rss2" />
<link rel="alternate" type="application/rss+xml" title="test &raquo; 评论Feed" href="http://localhost:8000/?feed=comments-rss2" />
		<script type="text/javascript">
			window._wpemojiSettings = {"baseUrl":"https:\/\/s.w.org\/images\/core\/emoji\/2\/72x72\/","ext":".png","svgUrl":"https:\/\/s.w.org\/images\/core\/emoji\/2\/svg\/","svgExt":".svg","source":{"concatemoji":"http:\/\/localhost:8000\/wp-includes\/js\/wp-emoji-release.min.js?ver=4.6"}};
			!function(a,b,c){function d(a){var c,d,e,f,g,h=b.createElement("canvas"),i=h.getContext&&h.getContext("2d"),j=String.fromCharCode;if(!i||!i.fillText)return!1;switch(i.textBaseline="top",i.font="600 32px Arial",a){case"flag":return i.fillText(j(55356,56806,55356,56826),0,0),!(h.toDataURL().length<3e3)&&(i.clearRect(0,0,h.width,h.height),i.fillText(j(55356,57331,65039,8205,55356,57096),0,0),c=h.toDataURL(),i.clearRect(0,0,h.width,h.height),i.fillText(j(55356,57331,55356,57096),0,0),d=h.toDataURL(),c!==d);case"diversity":return i.fillText(j(55356,57221),0,0),e=i.getImageData(16,16,1,1).data,f=e[0]+","+e[1]+","+e[2]+","+e[3],i.fillText(j(55356,57221,55356,57343),0,0),e=i.getImageData(16,16,1,1).data,g=e[0]+","+e[1]+","+e[2]+","+e[3],f!==g;case"simple":return i.fillText(j(55357,56835),0,0),0!==i.getImageData(16,16,1,1).data[0];case"unicode8":return i.fillText(j(55356,57135),0,0),0!==i.getImageData(16,16,1,1).data[0];case"unicode9":return i.fillText(j(55358,56631),0,0),0!==i.getImageData(16,16,1,1).data[0]}return!1}function e(a){var c=b.createElement("script");c.src=a,c.type="text/javascript",b.getElementsByTagName("head")[0].appendChild(c)}var f,g,h,i;for(i=Array("simple","flag","unicode8","diversity","unicode9"),c.supports={everything:!0,everythingExceptFlag:!0},h=0;h<i.length;h++)c.supports[i[h]]=d(i[h]),c.supports.everything=c.supports.everything&&c.supports[i[h]],"flag"!==i[h]&&(c.supports.everythingExceptFlag=c.supports.everythingExceptFlag&&c.supports[i[h]]);c.supports.everythingExceptFlag=c.supports.everythingExceptFlag&&!c.supports.flag,c.DOMReady=!1,c.readyCallback=function(){c.DOMReady=!0},c.supports.everything||(g=function(){c.readyCallback()},b.addEventListener?(b.addEventListener("DOMContentLoaded",g,!1),a.addEventListener("load",g,!1)):(a.attachEvent("onload",g),b.attachEvent("onreadystatechange",function(){"complete"===b.readyState&&c.readyCallback()})),f=c.source||{},f.concatemoji?e(f.concatemoji):f.wpemoji&&f.twemoji&&(e(f.twemoji),e(f.wpemoji)))}(window,document,window._wpemojiSettings);
		</script>
		<style type="text/css">
img.wp-smiley,
img.emoji {
	display: inline !important;
	border: none !important;
	box-shadow: none !important;
	height: 1em !important;
	width: 1em !important;
	margin: 0 .07em !important;
	vertical-align: -0.1em !important;
	background: none !important;
	padding: 0 !important;
}
</style>
<link rel='stylesheet' id='twentyfifteen-fonts-css'  href='https://fonts.googleapis.com/css?family=Noto+Sans%3A400italic%2C700italic%2C400%2C700%7CNoto+Serif%3A400italic%2C700italic%2C400%2C700%7CInconsolata%3A400%2C700&#038;subset=latin%2Clatin-ext' type='text/css' media='all' />
<link rel='stylesheet' id='genericons-css'  href='http://localhost:8000/wp-content/themes/twentyfifteen/genericons/genericons.css?ver=3.2' type='text/css' media='all' />
<link rel='stylesheet' id='twentyfifteen-style-css'  href='http://localhost:8000/wp-content/themes/twentyfifteen/style.css?ver=4.6' type='text/css' media='all' />
<!--[if lt IE 9]>
<link rel='stylesheet' id='twentyfifteen-ie-css'  href='http://localhost:8000/wp-content/themes/twentyfifteen/css/ie.css?ver=20141010' type='text/css' media='all' />
<![endif]-->
<!--[if lt IE 8]>
<link rel='stylesheet' id='twentyfifteen-ie7-css'  href='http://localhost:8000/wp-content/themes/twentyfifteen/css/ie7.css?ver=20141010' type='text/css' media='all' />
<![endif]-->
<script type='text/javascript' src='http://localhost:8000/wp-includes/js/jquery/jquery.js?ver=1.12.4'></script>
<script type='text/javascript' src='http://localhost:8000/wp-includes/js/jquery/jquery-migrate.min.js?ver=1.4.1'></script>
<link rel='https://api.w.org/' href='http://localhost:8000/?rest_route=/' />
<link rel="EditURI" type="application/rsd+xml" title="RSD" href="http://localhost:8000/xmlrpc.php?rsd" />
<link rel="wlwmanifest" type="application/wlwmanifest+xml" href="http://localhost:8000/wp-includes/wlwmanifest.xml" /> 
<meta name="generator" content="WordPress 4.6" />
		<style type="text/css">.recentcomments a{display:inline !important;padding:0 !important;margin:0 !important;}</style>
		</head>

<body class="home blog">
<div id="page" class="hfeed site">
	<a class="skip-link screen-reader-text" href="#content">Skip to content</a>

	<div id="sidebar" class="sidebar">
		<header id="masthead" class="site-header" role="banner">
			<div class="site-branding">
										<h1 class="site-title"><a href="http://localhost:8000/" rel="home">test</a></h1>
											<p class="site-description">又一个WordPress站点</p>
									<button class="secondary-toggle">Menu and widgets</button>
			</div><!-- .site-branding -->
		</header><!-- .site-header -->

			<div id="secondary" class="secondary">

		
		
					<div id="widget-area" class="widget-area" role="complementary">
				<aside id="search-2" class="widget widget_search"><form role="search" method="get" class="search-form" action="http://localhost:8000/">
				<label>
					<span class="screen-reader-text">搜索：</span>
					<input type="search" class="search-field" placeholder="搜索&hellip;" value="" name="s" />
				</label>
				<input type="submit" class="search-submit screen-reader-text" value="搜索" />
			</form></aside>		<aside id="recent-posts-2" class="widget widget_recent_entries">		<h2 class="widget-title">近期文章</h2>		<ul>
					<li>
				<a href="http://localhost:8000/?p=1">世界，您好！</a>
						</li>
				</ul>
		</aside>		<aside id="recent-comments-2" class="widget widget_recent_comments"><h2 class="widget-title">近期评论</h2><ul id="recentcomments"><li class="recentcomments"><span class="comment-author-link"><a href='https://wordpress.org/' rel='external nofollow' class='url'>A WordPress Commenter</a></span>发表在《<a href="http://localhost:8000/?p=1#comment-1">世界，您好！</a>》</li></ul></aside><aside id="archives-2" class="widget widget_archive"><h2 class="widget-title">文章归档</h2>		<ul>
			<li><a href='http://localhost:8000/?m=202407'>2024年7月</a></li>
		</ul>
		</aside><aside id="categories-2" class="widget widget_categories"><h2 class="widget-title">分类目录</h2>		<ul>
	<li class="cat-item cat-item-1"><a href="http://localhost:8000/?cat=1" >未分类</a>
</li>
		</ul>
</aside><aside id="meta-2" class="widget widget_meta"><h2 class="widget-title">功能</h2>			<ul>
						<li><a href="http://localhost:8000/wp-login.php">登录</a></li>
			<li><a href="http://localhost:8000/?feed=rss2">文章<abbr title="Really Simple Syndication">RSS</abbr></a></li>
			<li><a href="http://localhost:8000/?feed=comments-rss2">评论<abbr title="Really Simple Syndication">RSS</abbr></a></li>
			<li><a href="https://cn.wordpress.org/" title="基于WordPress，一个优美、先进的个人信息发布平台。">WordPress.org</a></li>			</ul>
			</aside>			</div><!-- .widget-area -->
		
	</div><!-- .secondary -->

	</div><!-- .sidebar -->

	<div id="content" class="site-content">

	<div id="primary" class="content-area">
		<main id="main" class="site-main" role="main">

		
			
			
<article id="post-1" class="post-1 post type-post status-publish format-standard hentry category-uncategorized">
	
	<header class="entry-header">
		<h2 class="entry-title"><a href="http://localhost:8000/?p=1" rel="bookmark">世界，您好！</a></h2>	</header><!-- .entry-header -->

	<div class="entry-content">
		<p>欢迎使用WordPress。这是您的第一篇文章。编辑或删除它，然后开始写作吧！</p>
	</div><!-- .entry-content -->

	
	<footer class="entry-footer">
		<span class="posted-on"><span class="screen-reader-text">Posted on </span><a href="http://localhost:8000/?p=1" rel="bookmark"><time class="entry-date published updated" datetime="2024-07-15T22:03:51+00:00">2024年7月15日</time></a></span><span class="comments-link"><a href="http://localhost:8000/?p=1#comments"><span class="screen-reader-text">世界，您好！</span>有1条评论</a></span>			</footer><!-- .entry-footer -->

</article><!-- #post-## -->

		</main><!-- .site-main -->
	</div><!-- .content-area -->


	</div><!-- .site-content -->

	<footer id="colophon" class="site-footer" role="contentinfo">
		<div class="site-info">
						<a href="https://wordpress.org/">Proudly powered by WordPress</a>
		</div><!-- .site-info -->
	</footer><!-- .site-footer -->

</div><!-- .site -->

<script type='text/javascript' src='http://localhost:8000/wp-content/themes/twentyfifteen/js/skip-link-focus-fix.js?ver=20141010'></script>
<script type='text/javascript'>
/* <![CDATA[ */
var screenReaderText = {"expand":"<span class=\"screen-reader-text\">expand child menu<\/span>","collapse":"<span class=\"screen-reader-text\">collapse child menu<\/span>"};
/* ]]> */
</script>
<script type='text/javascript' src='http://localhost:8000/wp-content/themes/twentyfifteen/js/functions.js?ver=20150330'></script>
<script type='text/javascript' src='http://localhost:8000/wp-includes/js/wp-embed.min.js?ver=4.6'></script>

</body>
</html>
