INFO,2018/11/06 07:43:12 [In] GyoiThon [gyoithon.py].
INFO,2024/05/14 09:16:50 [In] GyoiThon [gyoithon.py].
INFO,2024/05/14 09:16:51 [In] Initialize vulnerability database [Gyoi_CveExplorerNVD.py].
INFO,2024/05/14 09:16:51 Accessing : https://nvd.nist.gov/feeds/json/cve/1.1/nvdcve-1.1-2002.meta
INFO,2024/05/14 09:16:52 [In] Create yearly vulnerability database [Gyoi_CveExplorerNVD.py]
INFO,2024/05/14 09:16:52 Accessing : https://nvd.nist.gov/feeds/json/cve/1.1/nvdcve-1.1-2002.json.zip
INFO,2024/05/14 09:16:54 [In] Extract vulnerability information [Gyoi_CveExplorerNVD.py]
INFO,2024/05/14 09:16:54 Create yearly vulnerability database : /home/alextang/PycharmProjects/WebPenetration/bin/GyoiThon/modules/vuln_db/vulns_2002_nvd.csv.
INFO,2024/05/14 09:16:54 [Out] Extract vulnerability information [Gyoi_CveExplorerNVD.py]
INFO,2024/05/14 09:16:54 [Out] Create yearly vulnerability database [Gyoi_CveExplorerNVD.py]
INFO,2024/05/14 09:16:54 Accessing : https://nvd.nist.gov/feeds/json/cve/1.1/nvdcve-1.1-2003.meta
INFO,2024/05/14 09:16:55 [In] Create yearly vulnerability database [Gyoi_CveExplorerNVD.py]
INFO,2024/05/14 09:16:55 Accessing : https://nvd.nist.gov/feeds/json/cve/1.1/nvdcve-1.1-2003.json.zip
INFO,2024/05/14 09:16:59 [In] Extract vulnerability information [Gyoi_CveExplorerNVD.py]
INFO,2024/05/14 09:16:59 Create yearly vulnerability database : /home/alextang/PycharmProjects/WebPenetration/bin/GyoiThon/modules/vuln_db/vulns_2003_nvd.csv.
INFO,2024/05/14 09:16:59 [Out] Extract vulnerability information [Gyoi_CveExplorerNVD.py]
INFO,2024/05/14 09:16:59 [Out] Create yearly vulnerability database [Gyoi_CveExplorerNVD.py]
INFO,2024/05/14 09:16:59 Accessing : https://nvd.nist.gov/feeds/json/cve/1.1/nvdcve-1.1-2004.meta
INFO,2024/05/14 09:17:00 [In] Create yearly vulnerability database [Gyoi_CveExplorerNVD.py]
INFO,2024/05/14 09:17:00 Accessing : https://nvd.nist.gov/feeds/json/cve/1.1/nvdcve-1.1-2004.json.zip
INFO,2024/05/14 09:17:02 [In] Extract vulnerability information [Gyoi_CveExplorerNVD.py]
INFO,2024/05/14 09:17:02 Create yearly vulnerability database : /home/alextang/PycharmProjects/WebPenetration/bin/GyoiThon/modules/vuln_db/vulns_2004_nvd.csv.
INFO,2024/05/14 09:17:02 [Out] Extract vulnerability information [Gyoi_CveExplorerNVD.py]
INFO,2024/05/14 09:17:02 [Out] Create yearly vulnerability database [Gyoi_CveExplorerNVD.py]
INFO,2024/05/14 09:17:02 Accessing : https://nvd.nist.gov/feeds/json/cve/1.1/nvdcve-1.1-2005.meta
INFO,2024/05/14 09:17:03 [In] Create yearly vulnerability database [Gyoi_CveExplorerNVD.py]
INFO,2024/05/14 09:17:03 Accessing : https://nvd.nist.gov/feeds/json/cve/1.1/nvdcve-1.1-2005.json.zip
INFO,2024/05/14 09:17:06 [In] Extract vulnerability information [Gyoi_CveExplorerNVD.py]
INFO,2024/05/14 09:17:06 Create yearly vulnerability database : /home/alextang/PycharmProjects/WebPenetration/bin/GyoiThon/modules/vuln_db/vulns_2005_nvd.csv.
INFO,2024/05/14 09:17:06 [Out] Extract vulnerability information [Gyoi_CveExplorerNVD.py]
INFO,2024/05/14 09:17:06 [Out] Create yearly vulnerability database [Gyoi_CveExplorerNVD.py]
INFO,2024/05/14 09:17:06 Accessing : https://nvd.nist.gov/feeds/json/cve/1.1/nvdcve-1.1-2006.meta
INFO,2024/05/14 09:17:07 [In] Create yearly vulnerability database [Gyoi_CveExplorerNVD.py]
INFO,2024/05/14 09:17:07 Accessing : https://nvd.nist.gov/feeds/json/cve/1.1/nvdcve-1.1-2006.json.zip
INFO,2024/05/14 09:17:10 [In] Extract vulnerability information [Gyoi_CveExplorerNVD.py]
INFO,2024/05/14 09:17:10 Create yearly vulnerability database : /home/alextang/PycharmProjects/WebPenetration/bin/GyoiThon/modules/vuln_db/vulns_2006_nvd.csv.
INFO,2024/05/14 09:17:10 [Out] Extract vulnerability information [Gyoi_CveExplorerNVD.py]
INFO,2024/05/14 09:17:10 [Out] Create yearly vulnerability database [Gyoi_CveExplorerNVD.py]
INFO,2024/05/14 09:17:10 Accessing : https://nvd.nist.gov/feeds/json/cve/1.1/nvdcve-1.1-2007.meta
INFO,2024/05/14 09:17:11 [In] Create yearly vulnerability database [Gyoi_CveExplorerNVD.py]
INFO,2024/05/14 09:17:11 Accessing : https://nvd.nist.gov/feeds/json/cve/1.1/nvdcve-1.1-2007.json.zip
INFO,2024/05/14 09:17:14 [In] Extract vulnerability information [Gyoi_CveExplorerNVD.py]
INFO,2024/05/14 09:17:15 Create yearly vulnerability database : /home/alextang/PycharmProjects/WebPenetration/bin/GyoiThon/modules/vuln_db/vulns_2007_nvd.csv.
INFO,2024/05/14 09:17:15 [Out] Extract vulnerability information [Gyoi_CveExplorerNVD.py]
INFO,2024/05/14 09:17:15 [Out] Create yearly vulnerability database [Gyoi_CveExplorerNVD.py]
INFO,2024/05/14 09:17:15 Accessing : https://nvd.nist.gov/feeds/json/cve/1.1/nvdcve-1.1-2008.meta
INFO,2024/05/14 09:17:17 [In] Create yearly vulnerability database [Gyoi_CveExplorerNVD.py]
INFO,2024/05/14 09:17:17 Accessing : https://nvd.nist.gov/feeds/json/cve/1.1/nvdcve-1.1-2008.json.zip
INFO,2024/05/14 09:17:19 [In] Extract vulnerability information [Gyoi_CveExplorerNVD.py]
INFO,2024/05/14 09:17:22 Create yearly vulnerability database : /home/alextang/PycharmProjects/WebPenetration/bin/GyoiThon/modules/vuln_db/vulns_2008_nvd.csv.
INFO,2024/05/14 09:17:22 [Out] Extract vulnerability information [Gyoi_CveExplorerNVD.py]
INFO,2024/05/14 09:17:22 [Out] Create yearly vulnerability database [Gyoi_CveExplorerNVD.py]
INFO,2024/05/14 09:17:22 Accessing : https://nvd.nist.gov/feeds/json/cve/1.1/nvdcve-1.1-2009.meta
INFO,2024/05/14 09:17:23 [In] Create yearly vulnerability database [Gyoi_CveExplorerNVD.py]
INFO,2024/05/14 09:17:23 Accessing : https://nvd.nist.gov/feeds/json/cve/1.1/nvdcve-1.1-2009.json.zip
INFO,2024/05/14 09:17:25 [In] Extract vulnerability information [Gyoi_CveExplorerNVD.py]
INFO,2024/05/14 09:17:30 Create yearly vulnerability database : /home/alextang/PycharmProjects/WebPenetration/bin/GyoiThon/modules/vuln_db/vulns_2009_nvd.csv.
INFO,2024/05/14 09:17:30 [Out] Extract vulnerability information [Gyoi_CveExplorerNVD.py]
INFO,2024/05/14 09:17:30 [Out] Create yearly vulnerability database [Gyoi_CveExplorerNVD.py]
INFO,2024/05/14 09:17:30 Accessing : https://nvd.nist.gov/feeds/json/cve/1.1/nvdcve-1.1-2010.meta
INFO,2024/05/14 09:17:31 [In] Create yearly vulnerability database [Gyoi_CveExplorerNVD.py]
INFO,2024/05/14 09:17:31 Accessing : https://nvd.nist.gov/feeds/json/cve/1.1/nvdcve-1.1-2010.json.zip
INFO,2024/05/14 09:17:34 [In] Extract vulnerability information [Gyoi_CveExplorerNVD.py]
INFO,2024/05/14 09:17:48 Create yearly vulnerability database : /home/alextang/PycharmProjects/WebPenetration/bin/GyoiThon/modules/vuln_db/vulns_2010_nvd.csv.
INFO,2024/05/14 09:17:48 [Out] Extract vulnerability information [Gyoi_CveExplorerNVD.py]
INFO,2024/05/14 09:17:48 [Out] Create yearly vulnerability database [Gyoi_CveExplorerNVD.py]
INFO,2024/05/14 09:17:48 Accessing : https://nvd.nist.gov/feeds/json/cve/1.1/nvdcve-1.1-2011.meta
INFO,2024/05/14 09:17:49 [In] Create yearly vulnerability database [Gyoi_CveExplorerNVD.py]
INFO,2024/05/14 09:17:49 Accessing : https://nvd.nist.gov/feeds/json/cve/1.1/nvdcve-1.1-2011.json.zip
INFO,2024/05/14 09:17:55 [In] Extract vulnerability information [Gyoi_CveExplorerNVD.py]
INFO,2024/05/14 09:18:04 Create yearly vulnerability database : /home/alextang/PycharmProjects/WebPenetration/bin/GyoiThon/modules/vuln_db/vulns_2011_nvd.csv.
INFO,2024/05/14 09:18:04 [Out] Extract vulnerability information [Gyoi_CveExplorerNVD.py]
INFO,2024/05/14 09:18:04 [Out] Create yearly vulnerability database [Gyoi_CveExplorerNVD.py]
INFO,2024/05/14 09:18:04 Accessing : https://nvd.nist.gov/feeds/json/cve/1.1/nvdcve-1.1-2012.meta
INFO,2024/05/14 09:18:05 [In] Create yearly vulnerability database [Gyoi_CveExplorerNVD.py]
INFO,2024/05/14 09:18:05 Accessing : https://nvd.nist.gov/feeds/json/cve/1.1/nvdcve-1.1-2012.json.zip
INFO,2024/05/14 09:18:08 [In] Extract vulnerability information [Gyoi_CveExplorerNVD.py]
INFO,2024/05/14 09:18:16 Create yearly vulnerability database : /home/alextang/PycharmProjects/WebPenetration/bin/GyoiThon/modules/vuln_db/vulns_2012_nvd.csv.
INFO,2024/05/14 09:18:16 [Out] Extract vulnerability information [Gyoi_CveExplorerNVD.py]
INFO,2024/05/14 09:18:16 [Out] Create yearly vulnerability database [Gyoi_CveExplorerNVD.py]
INFO,2024/05/14 09:18:16 Accessing : https://nvd.nist.gov/feeds/json/cve/1.1/nvdcve-1.1-2013.meta
INFO,2024/05/14 09:18:17 [In] Create yearly vulnerability database [Gyoi_CveExplorerNVD.py]
INFO,2024/05/14 09:18:17 Accessing : https://nvd.nist.gov/feeds/json/cve/1.1/nvdcve-1.1-2013.json.zip
INFO,2024/05/14 09:18:20 [In] Extract vulnerability information [Gyoi_CveExplorerNVD.py]
INFO,2024/05/14 09:18:22 Create yearly vulnerability database : /home/alextang/PycharmProjects/WebPenetration/bin/GyoiThon/modules/vuln_db/vulns_2013_nvd.csv.
INFO,2024/05/14 09:18:22 [Out] Extract vulnerability information [Gyoi_CveExplorerNVD.py]
INFO,2024/05/14 09:18:22 [Out] Create yearly vulnerability database [Gyoi_CveExplorerNVD.py]
INFO,2024/05/14 09:18:22 Accessing : https://nvd.nist.gov/feeds/json/cve/1.1/nvdcve-1.1-2014.meta
INFO,2024/05/14 09:18:23 [In] Create yearly vulnerability database [Gyoi_CveExplorerNVD.py]
INFO,2024/05/14 09:18:23 Accessing : https://nvd.nist.gov/feeds/json/cve/1.1/nvdcve-1.1-2014.json.zip
INFO,2024/05/14 09:18:25 [In] Extract vulnerability information [Gyoi_CveExplorerNVD.py]
INFO,2024/05/14 09:18:27 Create yearly vulnerability database : /home/alextang/PycharmProjects/WebPenetration/bin/GyoiThon/modules/vuln_db/vulns_2014_nvd.csv.
INFO,2024/05/14 09:18:28 [Out] Extract vulnerability information [Gyoi_CveExplorerNVD.py]
INFO,2024/05/14 09:18:28 [Out] Create yearly vulnerability database [Gyoi_CveExplorerNVD.py]
INFO,2024/05/14 09:18:28 Accessing : https://nvd.nist.gov/feeds/json/cve/1.1/nvdcve-1.1-2015.meta
INFO,2024/05/14 09:18:29 [In] Create yearly vulnerability database [Gyoi_CveExplorerNVD.py]
INFO,2024/05/14 09:18:29 Accessing : https://nvd.nist.gov/feeds/json/cve/1.1/nvdcve-1.1-2015.json.zip
INFO,2024/05/14 09:18:31 [In] Extract vulnerability information [Gyoi_CveExplorerNVD.py]
INFO,2024/05/14 09:18:40 Create yearly vulnerability database : /home/alextang/PycharmProjects/WebPenetration/bin/GyoiThon/modules/vuln_db/vulns_2015_nvd.csv.
INFO,2024/05/14 09:18:41 [Out] Extract vulnerability information [Gyoi_CveExplorerNVD.py]
INFO,2024/05/14 09:18:41 [Out] Create yearly vulnerability database [Gyoi_CveExplorerNVD.py]
INFO,2024/05/14 09:18:41 Accessing : https://nvd.nist.gov/feeds/json/cve/1.1/nvdcve-1.1-2016.meta
INFO,2024/05/14 09:18:41 [In] Create yearly vulnerability database [Gyoi_CveExplorerNVD.py]
INFO,2024/05/14 09:18:41 Accessing : https://nvd.nist.gov/feeds/json/cve/1.1/nvdcve-1.1-2016.json.zip
INFO,2024/05/14 09:18:44 [In] Extract vulnerability information [Gyoi_CveExplorerNVD.py]
INFO,2024/05/14 09:18:45 Create yearly vulnerability database : /home/alextang/PycharmProjects/WebPenetration/bin/GyoiThon/modules/vuln_db/vulns_2016_nvd.csv.
INFO,2024/05/14 09:18:45 [Out] Extract vulnerability information [Gyoi_CveExplorerNVD.py]
INFO,2024/05/14 09:18:45 [Out] Create yearly vulnerability database [Gyoi_CveExplorerNVD.py]
INFO,2024/05/14 09:18:45 Accessing : https://nvd.nist.gov/feeds/json/cve/1.1/nvdcve-1.1-2017.meta
INFO,2024/05/14 09:18:46 [In] Create yearly vulnerability database [Gyoi_CveExplorerNVD.py]
INFO,2024/05/14 09:18:46 Accessing : https://nvd.nist.gov/feeds/json/cve/1.1/nvdcve-1.1-2017.json.zip
INFO,2024/05/14 09:18:49 [In] Extract vulnerability information [Gyoi_CveExplorerNVD.py]
INFO,2024/05/14 09:18:52 Create yearly vulnerability database : /home/alextang/PycharmProjects/WebPenetration/bin/GyoiThon/modules/vuln_db/vulns_2017_nvd.csv.
INFO,2024/05/14 09:18:52 [Out] Extract vulnerability information [Gyoi_CveExplorerNVD.py]
INFO,2024/05/14 09:18:52 [Out] Create yearly vulnerability database [Gyoi_CveExplorerNVD.py]
INFO,2024/05/14 09:18:52 Accessing : https://nvd.nist.gov/feeds/json/cve/1.1/nvdcve-1.1-2018.meta
INFO,2024/05/14 09:18:53 [In] Create yearly vulnerability database [Gyoi_CveExplorerNVD.py]
INFO,2024/05/14 09:18:53 Accessing : https://nvd.nist.gov/feeds/json/cve/1.1/nvdcve-1.1-2018.json.zip
INFO,2024/05/14 09:18:56 [In] Extract vulnerability information [Gyoi_CveExplorerNVD.py]
INFO,2024/05/14 09:18:58 Create yearly vulnerability database : /home/alextang/PycharmProjects/WebPenetration/bin/GyoiThon/modules/vuln_db/vulns_2018_nvd.csv.
INFO,2024/05/14 09:18:59 [Out] Extract vulnerability information [Gyoi_CveExplorerNVD.py]
INFO,2024/05/14 09:18:59 [Out] Create yearly vulnerability database [Gyoi_CveExplorerNVD.py]
INFO,2024/05/14 09:18:59 Accessing : https://nvd.nist.gov/feeds/json/cve/1.1/nvdcve-1.1-2019.meta
INFO,2024/05/14 09:19:01 [In] Create yearly vulnerability database [Gyoi_CveExplorerNVD.py]
INFO,2024/05/14 09:19:01 Accessing : https://nvd.nist.gov/feeds/json/cve/1.1/nvdcve-1.1-2019.json.zip
INFO,2024/05/14 09:19:04 [In] Extract vulnerability information [Gyoi_CveExplorerNVD.py]
INFO,2024/05/14 09:19:08 Create yearly vulnerability database : /home/alextang/PycharmProjects/WebPenetration/bin/GyoiThon/modules/vuln_db/vulns_2019_nvd.csv.
INFO,2024/05/14 09:19:09 [Out] Extract vulnerability information [Gyoi_CveExplorerNVD.py]
INFO,2024/05/14 09:19:09 [Out] Create yearly vulnerability database [Gyoi_CveExplorerNVD.py]
INFO,2024/05/14 09:19:09 Accessing : https://nvd.nist.gov/feeds/json/cve/1.1/nvdcve-1.1-2020.meta
INFO,2024/05/14 09:19:10 [In] Create yearly vulnerability database [Gyoi_CveExplorerNVD.py]
INFO,2024/05/14 09:19:10 Accessing : https://nvd.nist.gov/feeds/json/cve/1.1/nvdcve-1.1-2020.json.zip
INFO,2024/05/14 09:19:14 [In] Extract vulnerability information [Gyoi_CveExplorerNVD.py]
INFO,2024/05/14 09:19:22 Create yearly vulnerability database : /home/alextang/PycharmProjects/WebPenetration/bin/GyoiThon/modules/vuln_db/vulns_2020_nvd.csv.
INFO,2024/05/14 09:19:23 [Out] Extract vulnerability information [Gyoi_CveExplorerNVD.py]
INFO,2024/05/14 09:19:23 [Out] Create yearly vulnerability database [Gyoi_CveExplorerNVD.py]
INFO,2024/05/14 09:19:23 Accessing : https://nvd.nist.gov/feeds/json/cve/1.1/nvdcve-1.1-2021.meta
INFO,2024/05/14 09:19:24 [In] Create yearly vulnerability database [Gyoi_CveExplorerNVD.py]
INFO,2024/05/14 09:19:24 Accessing : https://nvd.nist.gov/feeds/json/cve/1.1/nvdcve-1.1-2021.json.zip
INFO,2024/05/14 09:19:27 [In] Extract vulnerability information [Gyoi_CveExplorerNVD.py]
INFO,2024/05/14 09:19:36 Create yearly vulnerability database : /home/alextang/PycharmProjects/WebPenetration/bin/GyoiThon/modules/vuln_db/vulns_2021_nvd.csv.
INFO,2024/05/14 09:19:38 [Out] Extract vulnerability information [Gyoi_CveExplorerNVD.py]
INFO,2024/05/14 09:19:38 [Out] Create yearly vulnerability database [Gyoi_CveExplorerNVD.py]
INFO,2024/05/14 09:19:44 [Out] Initialize vulnerability database [Gyoi_CveExplorerNVD.py].
INFO,2024/05/14 09:19:44 [In] Phase:[Discovery], Action:[Unknown], Note:[Get target information], To:[], From:[GyoiThon] [gyoithon.py]
INFO,2024/05/14 09:19:44 [Out] Phase:[Discovery], Action:[Unknown], Note:[Get target information], To:[], From:[GyoiThon] [gyoithon.py]
INFO,2024/05/14 09:19:44 Start investigation : http, 192.168.220.132, 80, /MCIR/splash/index.php
INFO,2024/05/14 09:19:44 [In] Create report header [Gyoi_Report.py].
INFO,2024/05/14 09:19:44 [Out] Create report header [Gyoi_Report.py].
